Arguments: 
  /usr/local/bin/node /opt/yarn-v1.22.19/bin/yarn.js

PATH: 
  /usr/local/sbin:/usr/local/bin:/usr/sbin:/usr/bin:/sbin:/bin

Yarn version: 
  1.22.19

Node version: 
  16.20.2

Platform: 
  linux x64

Trace: 
  SyntaxError: /home/jrickard/workshop/vp-workshop/package.json: Unexpected token { in JSON at position 4
      at JSON.parse (<anonymous>)
      at /opt/yarn-v1.22.19/lib/cli.js:1629:59
      at Generator.next (<anonymous>)
      at step (/opt/yarn-v1.22.19/lib/cli.js:310:30)
      at /opt/yarn-v1.22.19/lib/cli.js:321:13

npm manifest: 
  {
    {
    "license": "UNLICENSED",
    "devDependencies": {
      "antora": "3.1.9"
    }
  }

yarn manifest: 
  No manifest

Lockfile: 
  No lockfile
